<?xml version="1.0" encoding="UTF-8"?>
<!-- Generated by org.testng.reporters.JUnitReportReporter -->
<testsuite skipped="0" hostname="BLRWX11132" name="com.everest.QA123.Testcase2" tests="1" failures="0" timestamp="07 Apr 2020 09:23:24 GMT" time="48.539" errors="0">
  <testcase name="Test1" time="48.539" classname="com.everest.QA123.Testcase2"/>
</testsuite> <!-- com.everest.QA123.Testcase2 -->
