<?xml version="1.0" encoding="UTF-8"?>
<!-- Generated by org.testng.reporters.JUnitReportReporter -->
<testsuite skipped="0" hostname="BLRWX11132" name="com.everest.QA123.Testcase2" tests="1" failures="0" timestamp="08 Apr 2020 07:19:56 GMT" time="19.911" errors="0">
  <testcase name="Test1" time="19.911" classname="com.everest.QA123.Testcase2"/>
</testsuite> <!-- com.everest.QA123.Testcase2 -->
